<?xml version="1.0" encoding="UTF-8"?>
<!-- Generated by org.testng.reporters.JUnitReportReporter -->
<testsuite skipped="0" hostname="ABCGYDCTAPP126" name="Test.Test_2" tests="2" failures="0" timestamp="08 Jan 2019 10:06:26 GMT" time="25.934" errors="0">
  <testcase name="BasicSearch" time="17.172" classname="Test.Test_2"/>
  <testcase name="AdvanceSearch" time="8.762" classname="Test.Test_2"/>
</testsuite> <!-- Test.Test_2 -->
