<?xml version="1.0" encoding="UTF-8"?>
<!-- Generated by org.testng.reporters.JUnitReportReporter -->
<testsuite skipped="0" hostname="ABCGYDCTAPP126" name="Test.Test_1" tests="2" failures="0" timestamp="11 Jan 2019 12:46:22 GMT" time="31.644" errors="0">
  <testcase name="BasicSearch" time="22.223" classname="Test.Test_1"/>
  <testcase name="AdvanceSearch" time="9.421" classname="Test.Test_1"/>
</testsuite> <!-- Test.Test_1 -->
